  libemqtt.c
c:\users\student\desktop\보낼파일(최종)\소스코드\iot_server\exam01\libemqtt.c(265): warning C4244: '=': 'unsigned int'에서 'uint8_t'(으)로 변환하면서 데이터가 손실될 수 있습니다.
c:\users\student\desktop\보낼파일(최종)\소스코드\iot_server\exam01\libemqtt.c(220): warning C4267: '초기화 중': 'size_t'에서 'uint16_t'(으)로 변환하면서 데이터가 손실될 수 있습니다.
c:\users\student\desktop\보낼파일(최종)\소스코드\iot_server\exam01\libemqtt.c(221): warning C4267: '초기화 중': 'size_t'에서 'uint16_t'(으)로 변환하면서 데이터가 손실될 수 있습니다.
c:\users\student\desktop\보낼파일(최종)\소스코드\iot_server\exam01\libemqtt.c(222): warning C4267: '초기화 중': 'size_t'에서 'uint16_t'(으)로 변환하면서 데이터가 손실될 수 있습니다.
c:\users\student\desktop\보낼파일(최종)\소스코드\iot_server\exam01\libemqtt.c(406): warning C4244: '=': 'uint16_t'에서 'uint8_t'(으)로 변환하면서 데이터가 손실될 수 있습니다.
c:\users\student\desktop\보낼파일(최종)\소스코드\iot_server\exam01\libemqtt.c(412): warning C4244: '=': 'int'에서 'uint8_t'(으)로 변환하면서 데이터가 손실될 수 있습니다.
c:\users\student\desktop\보낼파일(최종)\소스코드\iot_server\exam01\libemqtt.c(353): warning C4267: '초기화 중': 'size_t'에서 'uint16_t'(으)로 변환하면서 데이터가 손실될 수 있습니다.
c:\users\student\desktop\보낼파일(최종)\소스코드\iot_server\exam01\libemqtt.c(354): warning C4267: '초기화 중': 'size_t'에서 'uint16_t'(으)로 변환하면서 데이터가 손실될 수 있습니다.
c:\users\student\desktop\보낼파일(최종)\소스코드\iot_server\exam01\libemqtt.c(432): warning C4204: 비표준 확장이 사용됨: 비상수 집합체 이니셜라이저입니다.
c:\users\student\desktop\보낼파일(최종)\소스코드\iot_server\exam01\libemqtt.c(469): warning C4244: '=': 'unsigned int'에서 'uint8_t'(으)로 변환하면서 데이터가 손실될 수 있습니다.
c:\users\student\desktop\보낼파일(최종)\소스코드\iot_server\exam01\libemqtt.c(448): warning C4267: '초기화 중': 'size_t'에서 'uint16_t'(으)로 변환하면서 데이터가 손실될 수 있습니다.
c:\users\student\desktop\보낼파일(최종)\소스코드\iot_server\exam01\libemqtt.c(500): warning C4267: '초기화 중': 'size_t'에서 'uint16_t'(으)로 변환하면서 데이터가 손실될 수 있습니다.
c:\users\student\desktop\보낼파일(최종)\소스코드\iot_server\exam01\libemqtt.c(499): warning C4100: 'message_id': 참조되지 않은 정식 매개 변수입니다.
c:\users\student\desktop\보낼파일(최종)\소스코드\iot_server\exam01\libemqtt.c(499): warning C4100: 'broker': 참조되지 않은 정식 매개 변수입니다.
c:\users\student\desktop\보낼파일(최종)\소스코드\iot_server\exam01\libemqtt.c(500): warning C4189: 'topiclen': 지역 변수가 초기화되었으나 참조되지 않았습니다.
  Tcp_Clinet02.c
c:\users\student\desktop\보낼파일(최종)\소스코드\iot_server\exam01\tcp_clinet02.c(79): warning C4244: '함수': 'int'에서 'uint16_t'(으)로 변환하면서 데이터가 손실될 수 있습니다.
c:\users\student\desktop\보낼파일(최종)\소스코드\iot_server\exam01\tcp_clinet02.c(45): warning C4189: 'flag': 지역 변수가 초기화되었으나 참조되지 않았습니다.
c:\users\student\desktop\보낼파일(최종)\소스코드\iot_server\exam01\tcp_clinet02.c(102): warning C4057: '함수': 'char *'은(는) 약간 다른 기본 형식에 대한 간접 참조가 'uint8_t *'과(와) 다릅니다.
c:\users\student\desktop\보낼파일(최종)\소스코드\iot_server\exam01\tcp_clinet02.c(111): warning C4057: '함수': 'char *'은(는) 약간 다른 기본 형식에 대한 간접 참조가 'uint8_t *'과(와) 다릅니다.
c:\users\student\desktop\보낼파일(최종)\소스코드\iot_server\exam01\tcp_clinet02.c(94): warning C4100: 'timeout': 참조되지 않은 정식 매개 변수입니다.
c:\users\student\desktop\보낼파일(최종)\소스코드\iot_server\exam01\tcp_clinet02.c(140): warning C4101: 'tmp' :참조되지 않은 지역 변수입니다.
  코드를 생성하고 있습니다...
  c_lab1.vcxproj -> C:\Users\student\Desktop\보낼파일(최종)\소스코드\iot_server\Debug\TCP_Client.exe
